Java HotSpot(TM) 64-Bit Server VM
[-Xms64m, -Xmx64m, -XX:+UseG1GC, -XX:MaxMetaspaceSize=64m, -javaagent:C:\Program Files\JetBrains\IntelliJ IDEA Community Edition 2017.2.5\lib\idea_rt.jar=50197:C:\Program Files\JetBrains\IntelliJ IDEA Community Edition 2017.2.5\bin, -Dfile.encoding=UTF-8]

 ------------------------------ 1 min is started ------------------------------

Young Gen GC: - 1 G1 Young Generation (from G1 Evacuation Pause) 4 milliseconds; start-end times 6105-6109

Young Gen GC: - 2 G1 Young Generation (from G1 Evacuation Pause) 7 milliseconds; start-end times 15115-15122

Young Gen GC: - 3 G1 Young Generation (from G1 Evacuation Pause) 39 milliseconds; start-end times 49143-49182
GCStatistics{youngGCQuantity=3, oldGCQuantity=0, totalYoungGCDuration=50, totalOldGCDuration=0}

 ------------------------------ 2 min is started ------------------------------

Young Gen GC: - 4 G1 Young Generation (from G1 Evacuation Pause) 31 milliseconds; start-end times 95234-95265

Young Gen GC: - 5 G1 Young Generation (from G1 Humongous Allocation) 21 milliseconds; start-end times 107286-107307
GCStatistics{youngGCQuantity=2, oldGCQuantity=0, totalYoungGCDuration=52, totalOldGCDuration=0}

 ------------------------------ 3 min is started ------------------------------

Young Gen GC: - 6 G1 Young Generation (from G1 Evacuation Pause) 24 milliseconds; start-end times 141339-141363

Young Gen GC: - 7 G1 Young Generation (from G1 Evacuation Pause) 10 milliseconds; start-end times 144373-144383

Young Gen GC: - 8 G1 Young Generation (from G1 Humongous Allocation) 12 milliseconds; start-end times 161394-161406
GCStatistics{youngGCQuantity=3, oldGCQuantity=0, totalYoungGCDuration=46, totalOldGCDuration=0}

 ------------------------------ 4 min is started ------------------------------

Young Gen GC: - 9 G1 Young Generation (from G1 Evacuation Pause) 22 milliseconds; start-end times 184425-184447

Young Gen GC: - 10 G1 Young Generation (from G1 Evacuation Pause) 14 milliseconds; start-end times 187454-187468

Young Gen GC: - 11 G1 Young Generation (from G1 Evacuation Pause) 10 milliseconds; start-end times 196476-196486

Young Gen GC: - 12 G1 Young Generation (from G1 Evacuation Pause) 10 milliseconds; start-end times 202489-202499

Young Gen GC: - 13 G1 Young Generation (from G1 Evacuation Pause) 12 milliseconds; start-end times 207502-207514

Young Gen GC: - 14 G1 Young Generation (from G1 Evacuation Pause) 18 milliseconds; start-end times 213518-213536

Young Gen GC: - 15 G1 Young Generation (from G1 Evacuation Pause) 11 milliseconds; start-end times 222548-222559

Young Gen GC: - 16 G1 Young Generation (from G1 Evacuation Pause) 11 milliseconds; start-end times 227561-227572

Young Gen GC: - 17 G1 Young Generation (from G1 Evacuation Pause) 11 milliseconds; start-end times 233575-233586

Young Gen GC: - 18 G1 Young Generation (from G1 Evacuation Pause) 16 milliseconds; start-end times 239589-239605
GCStatistics{youngGCQuantity=10, oldGCQuantity=0, totalYoungGCDuration=135, totalOldGCDuration=0}

 ------------------------------ 5 min is started ------------------------------

Young Gen GC: - 19 G1 Young Generation (from G1 Humongous Allocation) 10 milliseconds; start-end times 242609-242619

Young Gen GC: - 20 G1 Young Generation (from G1 Humongous Allocation) 5 milliseconds; start-end times 242622-242627

Old Gen GC: - 1 G1 Old Generation (from Allocation Failure) 233 milliseconds; start-end times 242627-242860

Young Gen GC: - 21 G1 Young Generation (from G1 Evacuation Pause) 86 milliseconds; start-end times 251869-251955

Young Gen GC: - 22 G1 Young Generation (from G1 Evacuation Pause) 4 milliseconds; start-end times 251955-251959

Old Gen GC: - 2 G1 Old Generation (from Allocation Failure) 211 milliseconds; start-end times 251959-252170

Young Gen GC: - 23 G1 Young Generation (from G1 Evacuation Pause) 8 milliseconds; start-end times 260176-260184

Young Gen GC: - 24 G1 Young Generation (from G1 Evacuation Pause) 9 milliseconds; start-end times 266187-266196

Young Gen GC: - 25 G1 Young Generation (from G1 Evacuation Pause) 10 milliseconds; start-end times 272200-272210

Young Gen GC: - 26 G1 Young Generation (from G1 Evacuation Pause) 17 milliseconds; start-end times 277214-277231

Young Gen GC: - 27 G1 Young Generation (from G1 Evacuation Pause) 96 milliseconds; start-end times 283233-283329

Young Gen GC: - 28 G1 Young Generation (from G1 Evacuation Pause) 5 milliseconds; start-end times 283329-283334

Young Gen GC: - 29 G1 Young Generation (from G1 Evacuation Pause) 0 milliseconds; start-end times 283334-283334

Old Gen GC: - 3 G1 Old Generation (from Allocation Failure) 242 milliseconds; start-end times 283334-283576

Young Gen GC: - 30 G1 Young Generation (from G1 Evacuation Pause) 69 milliseconds; start-end times 292581-292650

Young Gen GC: - 31 G1 Young Generation (from G1 Evacuation Pause) 3 milliseconds; start-end times 292650-292653

Young Gen GC: - 32 G1 Young Generation (from G1 Evacuation Pause) 0 milliseconds; start-end times 292654-292654

Old Gen GC: - 4 G1 Old Generation (from Allocation Failure) 215 milliseconds; start-end times 292654-292869

Young Gen GC: - 33 G1 Young Generation (from G1 Evacuation Pause) 54 milliseconds; start-end times 297872-297926

Young Gen GC: - 34 G1 Young Generation (from G1 Evacuation Pause) 3 milliseconds; start-end times 297926-297929

Old Gen GC: - 5 G1 Old Generation (from Allocation Failure) 213 milliseconds; start-end times 297929-298142
GCStatistics{youngGCQuantity=16, oldGCQuantity=5, totalYoungGCDuration=379, totalOldGCDuration=1114}

 ------------------------------ 6 min is started ------------------------------

Young Gen GC: - 35 G1 Young Generation (from G1 Evacuation Pause) 27 milliseconds; start-end times 301144-301171

Young Gen GC: - 36 G1 Young Generation (from G1 Evacuation Pause) 2 milliseconds; start-end times 301171-301173

Young Gen GC: - 37 G1 Young Generation (from G1 Evacuation Pause) 1 milliseconds; start-end times 301173-301174

Old Gen GC: - 6 G1 Old Generation (from Allocation Failure) 211 milliseconds; start-end times 301174-301385

Exception in thread "main" java.lang.OutOfMemoryError: Java heap space
Young Gen GC: - 38 G1 Young Generation (from G1 Evacuation Pause) 23 milliseconds; start-end times 304387-304410
	at ru.otus.hw4.Main.main(Main.java:26)

Young Gen GC: - 39 G1 Young Generation (from G1 Evacuation Pause) 3 milliseconds; start-end times 304410-304413

Old Gen GC: - 7 G1 Old Generation (from Allocation Failure) 232 milliseconds; start-end times 304413-304645
